Marginal likelihood with initialization (1) = -1.3014326848
Marginal likelihood with initialization (2) = -1.3014407061
Marginal likelihood with initialization (3) = -1.3014683918
Marginal likelihood with initialization (4) = -1.3014373448
Marginal likelihood with initialization (5) = -1.3014452440
Iteration Marginal_Likelihood delta_Marginal_Likelihood Iteration_Time (secs)
0 -1.3014326848 -- 2.935
10 -0.6475784997 0.6538541851 13.145
20 -0.6366764678 0.0109020319 17.190
30 -0.6078688386 0.0288076292 17.400
40 -0.5890330962 0.0188357424 18.647
50 -0.5889772595 0.0000558367 20.676
60 -0.5889549530 0.0000223065 20.920
70 -0.5889232961 0.0000316569 20.548
80 -0.5889194073 0.0000038888 20.535
90 -0.5889146778 0.0000047294 20.485
100 -0.5889136766 0.0000010013 20.299
110 -0.5889021894 0.0000114872 20.217
120 -0.5889020394 0.0000001500 20.049
Marginal Likelihood = -0.5889020394
Total time = 233.5046 seconds
Total iterations = 120 
