Marginal likelihood with initialization (1) = -1.3542146194
Marginal likelihood with initialization (2) = -1.3542257701
Marginal likelihood with initialization (3) = -1.3542050980
Marginal likelihood with initialization (4) = -1.3541938790
Marginal likelihood with initialization (5) = -1.3542153853
Iteration Marginal_Likelihood delta_Marginal_Likelihood Iteration_Time (secs)
0 -1.3541938790 -- 5.670
10 -0.6129863403 0.7412075387 21.551
20 -0.5900435412 0.0229427991 37.749
30 -0.5894319375 0.0006116037 37.902
40 -0.5892628110 0.0001691265 37.849
50 -0.5892084911 0.0000543199 37.825
60 -0.5891929355 0.0000155556 37.875
70 -0.5891619309 0.0000310046 38.063
80 -0.5891606246 0.0000013063 37.574
90 -0.5891590661 0.0000015585 38.102
100 -0.5891493901 0.0000096760 37.892
110 -0.5891443353 0.0000050548 37.715
120 -0.5891432707 0.0000010646 37.932
130 -0.5891296136 0.0000136570 38.103
140 -0.5891295491 0.0000000645 37.816
Marginal Likelihood = -0.5891295491
Total time = 520.2943 seconds
Total iterations = 140 
